<?xml version="1.0" encoding="UTF-8"?>
<testsuite name="JvmDescriptorTestsJVM" tests="2" skipped="0" failures="0" errors="0" timestamp="2021-06-10T10:06:17" hostname="Mac-Pro.local" time="0.025">
  <properties/>
  <testcase name="isJvmArrayTypeDescriptor[jvm]" classname="JvmDescriptorTestsJVM" time="0.02"/>
  <testcase name="isJvmDescriptor[jvm]" classname="JvmDescriptorTestsJVM" time="0.001"/>
  <system-out><![CDATA[]]></system-out>
  <system-err><![CDATA[]]></system-err>
</testsuite>
